<?xml version="1.0" encoding="UTF-8"?>
<testsuites name="jest tests" tests="2" failures="0" time="2.633">
  <testsuite name="Query.chats" errors="0" failures="0" skipped="0" timestamp="2019-10-31T12:06:58" time="1.985" tests="1">
    <testcase classname="Query.chats should fetch all chats" name="Query.chats should fetch all chats" time="0.027">
    </testcase>
  </testsuite>
  <testsuite name="Query.chat" errors="0" failures="0" skipped="0" timestamp="2019-10-31T12:06:58" time="2.006" tests="1">
    <testcase classname="Query.chat should fetch specified chat" name="Query.chat should fetch specified chat" time="0.024">
    </testcase>
  </testsuite>
</testsuites>